# JRE version: Java(TM) SE Runtime Environment (8.0_181-b13) (build 1.8.0_181-b13)
# Java VM: Java HotSpot(TM) 64-Bit Server VM (25.181-b13 mixed mode windows-amd64 compressed oops)
Heap:
 PSYoungGen      total 179712K, used 18481K [0x00000000eb400000, 0x00000000f9e00000, 0x0000000100000000)
  eden space 167424K, 11% used [0x00000000eb400000,0x00000000ec60c580,0x00000000f5780000)
  from space 12288K, 0% used [0x00000000f6500000,0x00000000f6500000,0x00000000f7100000)
  to   space 13824K, 0% used [0x00000000f5780000,0x00000000f5780000,0x00000000f6500000)
 ParOldGen       total 36864K, used 18668K [0x00000000c1c00000, 0x00000000c4000000, 0x00000000eb400000)
  object space 36864K, 50% used [0x00000000c1c00000,0x00000000c2e3b390,0x00000000c4000000)
 Metaspace       used 34372K, capacity 35865K, committed 35968K, reserved 1081344K
  class space    used 4621K, capacity 4945K, committed 4992K, reserved 1048576K
GC Heap History (10 events):
Event: 2.686 GC heap before
{Heap before GC invocations=6 (full 1):
 PSYoungGen      total 68096K, used 2536K [0x00000000eb400000, 0x00000000f4300000, 0x0000000100000000)
  eden space 65536K, 0% used [0x00000000eb400000,0x00000000eb400000,0x00000000ef400000)
  from space 2560K, 99% used [0x00000000ef400000,0x00000000ef67a020,0x00000000ef680000)
  to   space 7680K, 0% used [0x00000000f3b80000,0x00000000f3b80000,0x00000000f4300000)
 ParOldGen       total 44032K, used 12245K [0x00000000c1c00000, 0x00000000c4700000, 0x00000000eb400000)
  object space 44032K, 27% used [0x00000000c1c00000,0x00000000c27f56c8,0x00000000c4700000)
 Metaspace       used 20575K, capacity 21216K, committed 21296K, reserved 1067008K
  class space    used 2754K, capacity 2921K, committed 2944K, reserved 1048576K
Event: 2.731 GC heap after
Heap after GC invocations=6 (full 1):
 PSYoungGen      total 68096K, used 0K [0x00000000eb400000, 0x00000000f4300000, 0x0000000100000000)
  eden space 65536K, 0% used [0x00000000eb400000,0x00000000eb400000,0x00000000ef400000)
  from space 2560K, 0% used [0x00000000ef400000,0x00000000ef400000,0x00000000ef680000)
  to   space 7680K, 0% used [0x00000000f3b80000,0x00000000f3b80000,0x00000000f4300000)
 ParOldGen       total 36864K, used 9829K [0x00000000c1c00000, 0x00000000c4000000, 0x00000000eb400000)
  object space 36864K, 26% used [0x00000000c1c00000,0x00000000c2599428,0x00000000c4000000)
 Metaspace       used 20573K, capacity 21210K, committed 21296K, reserved 1067008K
  class space    used 2753K, capacity 2920K, committed 2944K, reserved 1048576K
}
Event: 3.670 GC heap before
{Heap before GC invocations=7 (full 1):
 PSYoungGen      total 68096K, used 65536K [0x00000000eb400000, 0x00000000f4300000, 0x0000000100000000)
  eden space 65536K, 100% used [0x00000000eb400000,0x00000000ef400000,0x00000000ef400000)
  from space 2560K, 0% used [0x00000000ef400000,0x00000000ef400000,0x00000000ef680000)
  to   space 7680K, 0% used [0x00000000f3b80000,0x00000000f3b80000,0x00000000f4300000)
 ParOldGen       total 36864K, used 9829K [0x00000000c1c00000, 0x00000000c4000000, 0x00000000eb400000)
  object space 36864K, 26% used [0x00000000c1c00000,0x00000000c2599428,0x00000000c4000000)
 Metaspace       used 23117K, capacity 23964K, committed 24192K, reserved 1071104K
  class space    used 3110K, capacity 3330K, committed 3456K, reserved 1048576K
Event: 3.678 GC heap after
Heap after GC invocations=7 (full 1):
 PSYoungGen      total 111616K, used 5364K [0x00000000eb400000, 0x00000000f4100000, 0x0000000100000000)
  eden space 105984K, 0% used [0x00000000eb400000,0x00000000eb400000,0x00000000f1b80000)
  from space 5632K, 95% used [0x00000000f3b80000,0x00000000f40bd010,0x00000000f4100000)
  to   space 7680K, 0% used [0x00000000f3200000,0x00000000f3200000,0x00000000f3980000)
 ParOldGen       total 36864K, used 9901K [0x00000000c1c00000, 0x00000000c4000000, 0x00000000eb400000)
  object space 36864K, 26% used [0x00000000c1c00000,0x00000000c25ab438,0x00000000c4000000)
 Metaspace       used 23117K, capacity 23964K, committed 24192K, reserved 1071104K
  class space    used 3110K, capacity 3330K, committed 3456K, reserved 1048576K
}
Event: 5.416 GC heap before
{Heap before GC invocations=8 (full 1):
 PSYoungGen      total 111616K, used 111348K [0x00000000eb400000, 0x00000000f4100000, 0x0000000100000000)
  eden space 105984K, 100% used [0x00000000eb400000,0x00000000f1b80000,0x00000000f1b80000)
  from space 5632K, 95% used [0x00000000f3b80000,0x00000000f40bd010,0x00000000f4100000)
  to   space 7680K, 0% used [0x00000000f3200000,0x00000000f3200000,0x00000000f3980000)
 ParOldGen       total 36864K, used 9901K [0x00000000c1c00000, 0x00000000c4000000, 0x00000000eb400000)
  object space 36864K, 26% used [0x00000000c1c00000,0x00000000c25ab438,0x00000000c4000000)
 Metaspace       used 30327K, capacity 31802K, committed 32128K, reserved 1077248K
  class space    used 4083K, capacity 4396K, committed 4480K, reserved 1048576K
Event: 5.448 GC heap after
Heap after GC invocations=8 (full 1):
 PSYoungGen      total 136704K, used 7660K [0x00000000eb400000, 0x00000000f7100000, 0x0000000100000000)
  eden space 129024K, 0% used [0x00000000eb400000,0x00000000eb400000,0x00000000f3200000)
  from space 7680K, 99% used [0x00000000f3200000,0x00000000f397b2b0,0x00000000f3980000)
  to   space 12288K, 0% used [0x00000000f6500000,0x00000000f6500000,0x00000000f7100000)
 ParOldGen       total 36864K, used 17522K [0x00000000c1c00000, 0x00000000c4000000, 0x00000000eb400000)
  object space 36864K, 47% used [0x00000000c1c00000,0x00000000c2d1ca38,0x00000000c4000000)
 Metaspace       used 30327K, capacity 31802K, committed 32128K, reserved 1077248K
  class space    used 4083K, capacity 4396K, committed 4480K, reserved 1048576K
}
Event: 6.031 GC heap before
{Heap before GC invocations=9 (full 1):
 PSYoungGen      total 136704K, used 42766K [0x00000000eb400000, 0x00000000f7100000, 0x0000000100000000)
  eden space 129024K, 27% used [0x00000000eb400000,0x00000000ed648718,0x00000000f3200000)
  from space 7680K, 99% used [0x00000000f3200000,0x00000000f397b2b0,0x00000000f3980000)
  to   space 12288K, 0% used [0x00000000f6500000,0x00000000f6500000,0x00000000f7100000)
 ParOldGen       total 36864K, used 17522K [0x00000000c1c00000, 0x00000000c4000000, 0x00000000eb400000)
  object space 36864K, 47% used [0x00000000c1c00000,0x00000000c2d1ca38,0x00000000c4000000)
 Metaspace       used 33948K, capacity 35401K, committed 35496K, reserved 1079296K
  class space    used 4555K, capacity 4864K, committed 4864K, reserved 1048576K
Event: 6.061 GC heap after
Heap after GC invocations=9 (full 1):
 PSYoungGen      total 179712K, used 10824K [0x00000000eb400000, 0x00000000f9e00000, 0x0000000100000000)
  eden space 167424K, 0% used [0x00000000eb400000,0x00000000eb400000,0x00000000f5780000)
  from space 12288K, 88% used [0x00000000f6500000,0x00000000f6f921a0,0x00000000f7100000)
  to   space 13824K, 0% used [0x00000000f5780000,0x00000000f5780000,0x00000000f6500000)
 ParOldGen       total 36864K, used 17530K [0x00000000c1c00000, 0x00000000c4000000, 0x00000000eb400000)
  object space 36864K, 47% used [0x00000000c1c00000,0x00000000c2d1ea38,0x00000000c4000000)
 Metaspace       used 33948K, capacity 35401K, committed 35496K, reserved 1079296K
  class space    used 4555K, capacity 4864K, committed 4864K, reserved 1048576K
}
Event: 6.061 GC heap before
{Heap before GC invocations=10 (full 2):
 PSYoungGen      total 179712K, used 10824K [0x00000000eb400000, 0x00000000f9e00000, 0x0000000100000000)
  eden space 167424K, 0% used [0x00000000eb400000,0x00000000eb400000,0x00000000f5780000)
  from space 12288K, 88% used [0x00000000f6500000,0x00000000f6f921a0,0x00000000f7100000)
  to   space 13824K, 0% used [0x00000000f5780000,0x00000000f5780000,0x00000000f6500000)
 ParOldGen       total 36864K, used 17530K [0x00000000c1c00000, 0x00000000c4000000, 0x00000000eb400000)
  object space 36864K, 47% used [0x00000000c1c00000,0x00000000c2d1ea38,0x00000000c4000000)
 Metaspace       used 33948K, capacity 35401K, committed 35496K, reserved 1079296K
  class space    used 4555K, capacity 4864K, committed 4864K, reserved 1048576K
Event: 6.218 GC heap after
Heap after GC invocations=10 (full 2):
 PSYoungGen      total 179712K, used 0K [0x00000000eb400000, 0x00000000f9e00000, 0x0000000100000000)
  eden space 167424K, 0% used [0x00000000eb400000,0x00000000eb400000,0x00000000f5780000)
  from space 12288K, 0% used [0x00000000f6500000,0x00000000f6500000,0x00000000f7100000)
  to   space 13824K, 0% used [0x00000000f5780000,0x00000000f5780000,0x00000000f6500000)
 ParOldGen       total 36864K, used 18668K [0x00000000c1c00000, 0x00000000c4000000, 0x00000000eb400000)
  object space 36864K, 50% used [0x00000000c1c00000,0x00000000c2e3b390,0x00000000c4000000)
 Metaspace       used 33948K, capacity 35401K, committed 35496K, reserved 1079296K
  class space    used 4555K, capacity 4864K, committed 4864K, reserved 1048576K
}

